#
# There is insufficient memory for the Java Runtime Environment to continue.
# Native memory allocation (mmap) failed to map 266338304 bytes for G1 virtual space
# Possible reasons:
#   The system is out of physical RAM or swap space
#   The process is running with CompressedOops enabled, and the Java Heap may be blocking the growth of the native heap
# Possible solutions:
#   Reduce memory load on the system
#   Increase physical memory or swap space
#   Check if swap backing store is full
#   Decrease Java heap size (-Xmx/-Xms)
#   Decrease number of Java threads
#   Decrease Java thread stack sizes (-Xss)
#   Set larger code cache with -XX:ReservedCodeCacheSize=
#   JVM is running with Zero Based Compressed Oops mode in which the Java heap is
#     placed in the first 32GB address space. The Java Heap base address is the
#     maximum limit for the native heap growth. Please use -XX:HeapBaseMinAddress
#     to set the Java Heap base and to place the Java Heap above 32GB virtual address.
# This output file may be truncated or incomplete.
#
#  Out of Memory Error (os_windows.cpp:3771), pid=14048, tid=11576
#
# JRE version:  (17.0.7) (build )
# Java VM: OpenJDK 64-Bit Server VM (17.0.7+0-b2043.56-10353782, mixed mode, sharing, tiered, compressed oops, compressed class ptrs, g1 gc, windows-amd64)
# No core dump will be written. Minidumps are not enabled by default on client versions of Windows
#

---------------  S U M M A R Y ------------

Command Line: org.jetbrains.kotlin.cli.jvm.K2JVMCompiler @C:\Users\azat3\Desktop\Projects\MyDiary\app\build\20230628_334569315428062096.compiler.options

Host: Intel(R) Core(TM) i7-9750H CPU @ 2.60GHz, 12 cores, 15G,  Windows 10 , 64 bit Build 19041 (10.0.19041.3031)
Time: Wed Jun 28 19:20:41 2023 RTZ 2 (s 10 , 64 bit Build 19041 (10.0.19041.3031) elapsed time: 0.005800 seconds (0d 0h 0m 0s)

---------------  T H R E A D  ---------------

Current thread (0x000002147da68bc0):  JavaThread "Unknown thread" [_thread_in_vm, id=11576, stack(0x0000007596900000,0x0000007596a00000)]

Stack: [0x0000007596900000,0x0000007596a00000]
Native frames: (J=compiled Java code, j=interpreted, Vv=VM code, C=native code)
V  [jvm.dll+0x683cca]
V  [jvm.dll+0x8424b4]
V  [jvm.dll+0x843cae]
V  [jvm.dll+0x844313]
V  [jvm.dll+0x24ad2f]
V  [jvm.dll+0x680b99]
V  [jvm.dll+0x67526a]
V  [jvm.dll+0x30b3cb]
V  [jvm.dll+0x312876]
V  [jvm.dll+0x36221e]
V  [jvm.dll+0x36244f]
V  [jvm.dll+0x2e14a8]
V  [jvm.dll+0x2e2414]
V  [jvm.dll+0x814441]
V  [jvm.dll+0x36ffe1]
V  [jvm.dll+0x7f3a1c]
V  [jvm.dll+0x3f305f]
V  [jvm.dll+0x3f4b91]
C  [jli.dll+0x528f]
C  [ucrtbase.dll+0x21bb2]
C  [KERNEL32.DLL+0x17614]
C  [ntdll.dll+0x526f1]


---------------  P R O C E S S  ---------------

Threads class SMR info:
_java_thread_list=0x00007ffdb4afb098, length=0, elements={
}

Java Threads: ( => current thread )

Other Threads:
  0x000002147dad6fe0 GCTaskThread "GC Thread#0" [stack: 0x0000007596a00000,0x0000007596b00000] [id=13772]
  0x000002147dae7cb0 ConcurrentGCThread "G1 Main Marker" [stack: 0x0000007596b00000,0x0000007596c00000] [id=15160]
  0x000002147dae86c0 ConcurrentGCThread "G1 Conc#0" [stack: 0x0000007596c00000,0x0000007596d00000] [id=14620]

[error occurred during error reporting (printing all threads), id 0xc0000005, EXCEPTION_ACCESS_VIOLATION (0xc0000005) at pc=0x00007ffdb42b2087]

VM state: not at safepoint (not fully initialized)

VM Mutex/Monitor currently owned by a thread:  ([mutex/lock_event])
[0x000002147da643d0] Heap_lock - owner thread: 0x000002147da68bc0

Heap address: 0x0000000702600000, size: 4058 MB, Compressed Oops mode: Zero based, Oop shift amount: 3

CDS archive(s) mapped at: [0x0000000000000000-0x0000000000000000-0x0000000000000000), size 0, SharedBaseAddress: 0x0000000800000000, ArchiveRelocationMode: 0.
Narrow klass base: 0x0000000000000000, Narrow klass shift: 0, Narrow klass range: 0x0

GC Precious Log:
<Empty>

Heap:
 garbage-first heap   total 0K, used 0K [0x0000000702600000, 0x0000000800000000)
  region size 2048K, 0 young (0K), 0 survivors (0K)

[error occurred during error reporting (printing heap information), id 0xc0000005, EXCEPTION_ACCESS_VIOLATION (0xc0000005) at pc=0x00007ffdb469df59]

GC Heap History (0 events):
No events

Dll operation events (1 events):
Event: 0.003 Loaded shared library C:\Users\azat3\AppData\Local\JetBrains\Toolbox\apps\AndroidStudio\ch-0\231.9011.34.2311.10366083\jbr\bin\java.dll

Deoptimization events (0 events):
No events

Classes unloaded (0 events):
No events

Classes redefined (0 events):
No events

Internal exceptions (0 events):
No events

VM Operations (0 events):
No events

Events (0 events):
No events


Dynamic libraries:
0x00007ff6022b0000 - 0x00007ff6022ba000 	C:\Users\azat3\AppData\Local\JetBrains\Toolbox\apps\AndroidStudio\ch-0\231.9011.34.2311.10366083\jbr\bin\java.exe
0x00007ffe0e730000 - 0x00007ffe0e928000 	C:\Windows\SYSTEM32\ntdll.dll
0x00007ffe0e630000 - 0x00007ffe0e6ef000 	C:\Windows\System32\KERNEL32.DLL
0x00007ffe0bfc0000 - 0x00007ffe0c2b6000 	C:\Windows\System32\KERNELBASE.dll
0x00007ffe0c380000 - 0x00007ffe0c480000 	C:\Windows\System32\ucrtbase.dll
0x00007ffde6110000 - 0x00007ffde6127000 	C:\Users\azat3\AppData\Local\JetBrains\Toolbox\apps\AndroidStudio\ch-0\231.9011.34.2311.10366083\jbr\bin\jli.dll
0x00007ffdf2560000 - 0x00007ffdf257b000 	C:\Users\azat3\AppData\Local\JetBrains\Toolbox\apps\AndroidStudio\ch-0\231.9011.34.2311.10366083\jbr\bin\VCRUNTIME140.dll
0x00007ffe0d770000 - 0x00007ffe0d90d000 	C:\Windows\System32\USER32.dll
0x00007ffe0c640000 - 0x00007ffe0c662000 	C:\Windows\System32\win32u.dll
0x00007ffde75f0000 - 0x00007ffde788a000 	C:\Windows\WinSxS\amd64_microsoft.windows.common-controls_6595b64144ccf1df_6.0.19041.1110_none_60b5254171f9507e\COMCTL32.dll
0x00007ffe0d300000 - 0x00007ffe0d32c000 	C:\Windows\System32\GDI32.dll
0x00007ffe0cd00000 - 0x00007ffe0cd9e000 	C:\Windows\System32\msvcrt.dll
0x00007ffe0c480000 - 0x00007ffe0c595000 	C:\Windows\System32\gdi32full.dll
0x00007ffe0c5a0000 - 0x00007ffe0c63d000 	C:\Windows\System32\msvcp_win.dll
0x00007ffe0d3e0000 - 0x00007ffe0d410000 	C:\Windows\System32\IMM32.DLL
0x00007ffe04f20000 - 0x00007ffe04f2c000 	C:\Users\azat3\AppData\Local\JetBrains\Toolbox\apps\AndroidStudio\ch-0\231.9011.34.2311.10366083\jbr\bin\vcruntime140_1.dll
0x00007ffddbbd0000 - 0x00007ffddbc5d000 	C:\Users\azat3\AppData\Local\JetBrains\Toolbox\apps\AndroidStudio\ch-0\231.9011.34.2311.10366083\jbr\bin\msvcp140.dll
0x00007ffdb3fc0000 - 0x00007ffdb4c2e000 	C:\Users\azat3\AppData\Local\JetBrains\Toolbox\apps\AndroidStudio\ch-0\231.9011.34.2311.10366083\jbr\bin\server\jvm.dll
0x00007ffe0d330000 - 0x00007ffe0d3df000 	C:\Windows\System32\ADVAPI32.dll
0x00007ffe0e590000 - 0x00007ffe0e62c000 	C:\Windows\System32\sechost.dll
0x00007ffe0c790000 - 0x00007ffe0c8b6000 	C:\Windows\System32\RPCRT4.dll
0x00007ffe050c0000 - 0x00007ffe050c9000 	C:\Windows\SYSTEM32\WSOCK32.dll
0x00007ffe005d0000 - 0x00007ffe005f7000 	C:\Windows\SYSTEM32\WINMM.dll
0x00007ffe06c70000 - 0x00007ffe06c7a000 	C:\Windows\SYSTEM32\VERSION.dll
0x00007ffe0d6f0000 - 0x00007ffe0d75b000 	C:\Windows\System32\WS2_32.dll
0x00007ffe09cc0000 - 0x00007ffe09cd2000 	C:\Windows\SYSTEM32\kernel.appcore.dll
0x00007ffe06b10000 - 0x00007ffe06b1a000 	C:\Users\azat3\AppData\Local\JetBrains\Toolbox\apps\AndroidStudio\ch-0\231.9011.34.2311.10366083\jbr\bin\jimage.dll
0x00007ffe053c0000 - 0x00007ffe055a4000 	C:\Windows\SYSTEM32\DBGHELP.DLL
0x00007ffe052c0000 - 0x00007ffe052f4000 	C:\Windows\SYSTEM32\dbgcore.DLL
0x00007ffe0c2f0000 - 0x00007ffe0c372000 	C:\Windows\System32\bcryptPrimitives.dll
0x00007ffde6670000 - 0x00007ffde6695000 	C:\Users\azat3\AppData\Local\JetBrains\Toolbox\apps\AndroidStudio\ch-0\231.9011.34.2311.10366083\jbr\bin\java.dll

dbghelp: loaded successfully - version: 4.0.5 - missing functions: none
symbol engine: initialized successfully - sym options: 0x614 - pdb path: .;C:\Users\azat3\AppData\Local\JetBrains\Toolbox\apps\AndroidStudio\ch-0\231.9011.34.2311.10366083\jbr\bin;C:\Windows\SYSTEM32;C:\Windows\WinSxS\amd64_microsoft.windows.common-controls_6595b64144ccf1df_6.0.19041.1110_none_60b5254171f9507e;C:\Users\azat3\AppData\Local\JetBrains\Toolbox\apps\AndroidStudio\ch-0\231.9011.34.2311.10366083\jbr\bin\server

VM Arguments:
java_command: org.jetbrains.kotlin.cli.jvm.K2JVMCompiler @C:\Users\azat3\Desktop\Projects\MyDiary\app\build\20230628_334569315428062096.compiler.options
java_class_path (initial): C:\Users\azat3\.gradle\caches\modules-2\files-2.1\org.jetbrains.kotlin\kotlin-compiler-embeddable\1.8.21\a4a682d55fb788432e4b7bf2ab3acb7a7365fb35\kotlin-compiler-embeddable-1.8.21.jar;C:\Users\azat3\.gradle\caches\modules-2\files-2.1\org.jetbrains.kotlin\kotlin-stdlib\1.8.21\43d50ab85bc7587adfe3dda3dbe579e5f8d51265\kotlin-stdlib-1.8.21.jar;C:\Users\azat3\.gradle\caches\modules-2\files-2.1\org.jetbrains.kotlin\kotlin-script-runtime\1.8.21\bf43f76b6e29bdc09b6c8a4511a9118b0ab12b1f\kotlin-script-runtime-1.8.21.jar;C:\Users\azat3\.gradle\caches\modules-2\files-2.1\org.jetbrains.kotlin\kotlin-reflect\1.6.10\1cbe9c92c12a94eea200d23c2bbaedaf3daf5132\kotlin-reflect-1.6.10.jar;C:\Users\azat3\.gradle\caches\modules-2\files-2.1\org.jetbrains.kotlin\kotlin-daemon-embeddable\1.8.21\882003c48db58d16c8fb5a933abf08b5974a1a19\kotlin-daemon-embeddable-1.8.21.jar;C:\Users\azat3\.gradle\caches\modules-2\files-2.1\org.jetbrains.intellij.deps\trove4j\1.0.20200330\3afb14d5f9ceb459d724e907a21145e8ff394f02\trove4j-1.0.20200330.jar;C:\Users\azat3\.gradle\caches\modules-2\files-2.1\net.java.dev.jna\jna\5.6.0\330f2244e9030119ab3030fc3fededc86713d9cc\jna-5.6.0.jar;C:\Users\azat3\.gradle\caches\modules-2\files-2.1\org.jetbrains.kotlin\kotlin-stdlib-common\1.8.21\d749cd5ae25da36d06e5028785038e24f9d37976\kotlin-stdlib-common-1.8.21.jar;C:\Users\azat3\.gradle\caches\modules-2\files-2.1\org.jetbrains\annotations\13.0\919f0dfe192fb4e063e7dacadee7f8bb9a2672a9\annotations-13.0.jar
Launcher Type: SUN_STANDARD

[Global flags]
     intx CICompilerCount                          = 4                                         {product} {ergonomic}
     uint ConcGCThreads                            = 3                                         {product} {ergonomic}
     uint G1ConcRefinementThreads                  = 10                                        {product} {ergonomic}
   size_t G1HeapRegionSize                         = 2097152                                   {product} {ergonomic}
    uintx GCDrainStackTargetSize                   = 64                                        {product} {ergonomic}
   size_t InitialHeapSize                          = 266338304                                 {product} {ergonomic}
   size_t MarkStackSize                            = 4194304                                   {product} {ergonomic}
   size_t MaxHeapSize                              = 4255121408                                {product} {ergonomic}
   size_t MinHeapDeltaBytes                        = 2097152                                   {product} {ergonomic}
   size_t MinHeapSize                              = 8388608                                   {product} {ergonomic}
    uintx NonNMethodCodeHeapSize                   = 5839372                                {pd product} {ergonomic}
    uintx NonProfiledCodeHeapSize                  = 122909434                              {pd product} {ergonomic}
    uintx ProfiledCodeHeapSize                     = 122909434                              {pd product} {ergonomic}
    uintx ReservedCodeCacheSize                    = 251658240                              {pd product} {ergonomic}
     bool SegmentedCodeCache                       = true                                      {product} {ergonomic}
   size_t SoftMaxHeapSize                          = 4255121408                             {manageable} {ergonomic}
     bool UseCompressedClassPointers               = true                           {product lp64_product} {ergonomic}
     bool UseCompressedOops                        = true                           {product lp64_product} {ergonomic}
     bool UseG1GC                                  = true                                      {product} {ergonomic}
     bool UseLargePagesIndividualAllocation        = false                                  {pd product} {ergonomic}

Logging:
Log output configuration:
 #0: stdout all=warning uptime,level,tags
 #1: stderr all=off uptime,level,tags

Environment Variables:
PATH=C:\Program Files (x86)\Common Files\Oracle\Java\javapath;C:\Windows\system32;C:\Windows;C:\Windows\System32\Wbem;C:\Windows\System32\WindowsPowerShell\v1.0\;C:\Windows\System32\OpenSSH\;C:\Program Files\NVIDIA Corporation\NVIDIA NvDLISR;C:\Program Files (x86)\NVIDIA Corporation\PhysX\Common;C:\Program Files\Git\cmd;C:\Program Files\nodejs;C:\Program Files\dotnet\;C:\Program Files\Redis\;C:\Users\azat3\AppData\Local\Microsoft\WindowsApps;C:\Users\azat3\AppData\Local\GitHubDesktop\bin;D:\Microsoft VS Code\bin;C:\Users\azat3\AppData\Local\Programs\Python\Python39\Scripts;D:\PyCharm 2022.2.2\bin;C:\Users\azat3\AppData\Roaming\npm;C:\Users\azat3\AppData\Roaming\npm\node_modules\yarn\bin;C:\Users\azat3\AppData\Local\JetBrains\Toolbox\scripts
USERNAME=Азат
OS=Windows_NT
PROCESSOR_IDENTIFIER=Intel64 Family 6 Model 158 Stepping 13, GenuineIntel
TMP=C:\Users\azat3\AppData\Local\Temp
TEMP=C:\Users\azat3\AppData\Local\Temp


JNI global refs:

[error occurred during error reporting (JNI global references), id 0xc0000005, EXCEPTION_ACCESS_VIOLATION (0xc0000005) at pc=0x00007ffdb4077fc0]


---------------  S Y S T E M  ---------------

OS:
 Windows 10 , 64 bit Build 19041 (10.0.19041.3031)
OS uptime: 13 days 17:19 hours

CPU: total 12 (initial active 12) (6 cores per cpu, 2 threads per core) family 6 model 158 stepping 13 microcode 0xb8, cx8, cmov, fxsr, ht, mmx, 3dnowpref, sse, sse2, sse3, ssse3, sse4.1, sse4.2, popcnt, lzcnt, tsc, tscinvbit, avx, avx2, aes, erms, clmul, bmi1, bmi2, adx, fma, vzeroupper, clflush, clflushopt

Memory: 4k page, system-wide physical 16225M (1630M free)
TotalPageFile size 28646M (AvailPageFile size 97M)
current process WorkingSet (physical memory assigned to process): 10M, peak: 10M
current process commit charge ("private bytes"): 64M, peak: 318M

vm_info: OpenJDK 64-Bit Server VM (17.0.7+0-b2043.56-10353782) for windows-amd64 JRE (17.0.7+0-b2043.56-10353782), built on Jun 21 2023 02:03:15 by "androidbuild" with MS VC++ 16.10 / 16.11 (VS2019)

END.
